<?xml version="1.0" encoding="UTF-8"?>
<!-- Generated by org.testng.reporters.JUnitReportReporter -->
<testsuite hostname="Jyothi" failures="4" tests="5" name="cucumberoptions.TestNgfailedTestRunner" time="103.062" errors="0" timestamp="2022-12-24T16:38:07 IST" skipped="0">
  <testcase classname="cucumberoptions.TestNgfailedTestRunner" name="runScenario" time="18.918"/>
  <system-out/>
  <testcase classname="cucumberoptions.TestNgfailedTestRunner" name="runScenario" time="18.611">
    <failure message="expected [Beetroot] but found [Tomato]" type="java.lang.AssertionError">
      <![CDATA[java.lang.AssertionError: expected [Beetroot] but found [Tomato]
at org.testng.Assert.fail(Assert.java:110)
at org.testng.Assert.failNotEquals(Assert.java:1413)
at org.testng.Assert.assertEqualsImpl(Assert.java:149)
at org.testng.Assert.assertEquals(Assert.java:131)
at org.testng.Assert.assertEquals(Assert.java:655)
at org.testng.Assert.assertEquals(Assert.java:665)
at stepDefination.OfferPageStepDefination2.validate_product_name_in_offers_page(OfferPageStepDefination2.java:50)
at ✽.Validate product name in offers page matches with landing page(file:///C:/Users/jinka/eclipse-workspace/cucumberframework/src/test/java/features/SearchProduct.feature:7)
]]>
    </failure>
  </testcase> <!-- runScenario -->
  <system-out/>
  <testcase classname="cucumberoptions.TestNgfailedTestRunner" name="runScenario" time="22.180">
    <failure message="expected [Brocolli] but found [Beetroot]" type="java.lang.AssertionError">
      <![CDATA[java.lang.AssertionError: expected [Brocolli] but found [Beetroot]
at org.testng.Assert.fail(Assert.java:110)
at org.testng.Assert.failNotEquals(Assert.java:1413)
at org.testng.Assert.assertEqualsImpl(Assert.java:149)
at org.testng.Assert.assertEquals(Assert.java:131)
at org.testng.Assert.assertEquals(Assert.java:655)
at org.testng.Assert.assertEquals(Assert.java:665)
at stepDefination.CheckOutPageStepDefinitionPage.user_proceeds_to_check_out_and_validate_the_items_in_checkout_page(CheckOutPageStepDefinitionPage.java:28)
at ✽.User proceeds to check out and validate the beet items in checkout page(file:///C:/Users/jinka/eclipse-workspace/cucumberframework/src/test/java/features/CheckOut.feature:9)
]]>
    </failure>
  </testcase> <!-- runScenario -->
  <system-out/>
  <testcase classname="cucumberoptions.TestNgfailedTestRunner" name="runScenario" time="20.099">
    <failure message="expected [Carrot] but found [Potato]" type="java.lang.AssertionError">
      <![CDATA[java.lang.AssertionError: expected [Carrot] but found [Potato]
at org.testng.Assert.fail(Assert.java:110)
at org.testng.Assert.failNotEquals(Assert.java:1413)
at org.testng.Assert.assertEqualsImpl(Assert.java:149)
at org.testng.Assert.assertEquals(Assert.java:131)
at org.testng.Assert.assertEquals(Assert.java:655)
at org.testng.Assert.assertEquals(Assert.java:665)
at stepDefination.OfferPageStepDefination2.validate_product_name_in_offers_page(OfferPageStepDefination2.java:50)
at ✽.Validate product name in offers page matches with landing page(file:///C:/Users/jinka/eclipse-workspace/cucumberframework/src/test/java/features/SearchProduct.feature:7)
]]>
    </failure>
  </testcase> <!-- runScenario -->
  <system-out/>
  <testcase classname="cucumberoptions.TestNgfailedTestRunner" name="runScenario" time="23.254">
    <failure message="expected [Cucumber] but found [Beetroot]" type="java.lang.AssertionError">
      <![CDATA[java.lang.AssertionError: expected [Cucumber] but found [Beetroot]
at org.testng.Assert.fail(Assert.java:110)
at org.testng.Assert.failNotEquals(Assert.java:1413)
at org.testng.Assert.assertEqualsImpl(Assert.java:149)
at org.testng.Assert.assertEquals(Assert.java:131)
at org.testng.Assert.assertEquals(Assert.java:655)
at org.testng.Assert.assertEquals(Assert.java:665)
at stepDefination.CheckOutPageStepDefinitionPage.user_proceeds_to_check_out_and_validate_the_items_in_checkout_page(CheckOutPageStepDefinitionPage.java:28)
at ✽.User proceeds to check out and validate the Tom items in checkout page(file:///C:/Users/jinka/eclipse-workspace/cucumberframework/src/test/java/features/CheckOut.feature:9)
]]>
    </failure>
  </testcase> <!-- runScenario -->
  <system-out/>
</testsuite> <!-- cucumberoptions.TestNgfailedTestRunner -->
